Arguments: 
  /home/tri/.nvm/versions/node/v14.15.2/bin/node /usr/share/yarn/bin/yarn.js

PATH: 
  /home/tri/.rbenv/shims:~/bin:/home/tri/.rbenv/bin:/home/tri/bin:/home/tri/.rbenv/shims:~/bin:/home/tri/.rbenv/bin:/home/tri/.nvm/versions/node/v14.15.2/bin:/usr/local/sbin:/usr/local/bin:/usr/sbin:/usr/bin:/sbin:/bin:/usr/games:/usr/local/games:/snap/bin

Yarn version: 
  1.22.5

Node version: 
  14.15.2

Platform: 
  linux x64

Trace: 
  Error: https://registry.yarnpkg.com/@sumcumo%2feslint-config: Not found
      at Request.params.callback [as _callback] (/usr/share/yarn/lib/cli.js:66988:18)
      at Request.self.callback (/usr/share/yarn/lib/cli.js:140749:22)
      at Request.emit (events.js:315:20)
      at Request.<anonymous> (/usr/share/yarn/lib/cli.js:141721:10)
      at Request.emit (events.js:315:20)
      at IncomingMessage.<anonymous> (/usr/share/yarn/lib/cli.js:141643:12)
      at Object.onceWrapper (events.js:421:28)
      at IncomingMessage.emit (events.js:327:22)
      at endReadableNT (internal/streams/readable.js:1327:12)
      at processTicksAndRejections (internal/process/task_queues.js:80:21)

npm manifest: 
  {
    "name": "@scip-sales/backoffice",
    "version": "1.0.0",
    "private": true,
    "scripts": {
      "dev": "NODE_OPTIONS=--max-old-space-size=4096 nuxt",
      "build": "NODE_ENV=production nuxt build && NODE_ENV=production nuxt generate",
      "start": "nuxt start",
      "lint:js": "eslint --ext .js,.vue,.ts,.gql --ignore-path .gitignore .",
      "lint:style": "stylelint --cache **/*.{vue,css} --ignore-path .gitignore",
      "lint": "yarn lint:js && yarn lint:style",
      "typecheck": "tsc --noEmit",
      "serve-static": "yarn ws -d ./dist --spa index.html -p 3000"
    },
    "dependencies": {
      "@nuxtjs/composition-api": "^0.21.0",
      "core-js": "^3.9.1",
      "debounce": "^1.2.1",
      "graphql": "^15.5.0",
      "nuxt": "^2.15.2",
      "nuxt-i18n": "^6.20.4"
    },
    "devDependencies": {
      "@babel/preset-typescript": "^7.13.0",
      "@nuxt/types": "^2.15.2",
      "@nuxt/typescript-build": "^2.0.6",
      "@nuxtjs/eslint-config": "^6.0.0",
      "@nuxtjs/eslint-config-typescript": "^6.0.0",
      "@nuxtjs/vuetify": "^1.11.3",
      "@sumcumo/eslint-config": "^6.1.5",
      "@testing-library/jest-dom": "^5.11.9",
      "@testing-library/vue": "^5.6.1",
      "@types/jest": "^26.0.20",
      "@vue/test-utils": "^1.1.3",
      "babel-core": "7.0.0-bridge.0",
      "babel-eslint": "^10.1.0",
      "babel-jest": "^26.5.0",
      "esbuild-loader": "^2.9.2",
      "eslint": "^7.21.0",
      "eslint-config-prettier": "^8.1.0",
      "eslint-plugin-nuxt": "^2.0.0",
      "eslint-plugin-prettier": "^3.3.1",
      "jest": "^26.5.0",
      "local-web-server": "^4.2.1",
      "speed-measure-webpack-plugin": "^1.4.2",
      "stylelint": "^13.11.0",
      "stylelint-config-prettier": "^8.0.2",
      "stylelint-config-standard": "^20.0.0",
      "ts-jest": "^26.5.3",
      "typescript": "^4.2.3",
      "vue-jest": "^3.0.4"
    }
  }

yarn manifest: 
  No manifest

Lockfile: 
  No lockfile
